<?xml version="1.0" encoding="UTF-8"?>
<TestRun id="9403720b-acc6-4e01-834e-3d2c64880cb0" name="floyd@X60 2013-07-17 17:46:49" runUser="x60\floyd" xmlns="http://microsoft.com/schemas/VisualStudio/TeamTest/2010">
  <TestSettings name="本地" id="22996ac0-419b-4282-9b52-fde35ccc2b77">
    <Description>这些设置为本地测试运行的默认测试设置。</Description>
    <Deployment runDeploymentRoot="floyd_X60 2013-07-17 17_46_49">
      <DeploymentItem filename="E:\workspace\csharp-sdk\Qiniu\bin\Debug\Newtonsoft.Json.dll" />
      <DeploymentItem filename="E:\workspace\csharp-sdk\Qiniu\bin\Release\Qiniu.dll" />
    </Deployment>
    <Execution>
      <TestTypeSpecific>
        <UnitTestRunConfig testTypeId="13cdc9d9-ddb5-4fa4-a97d-d965ccfc6d4b">
          <AssemblyResolution>
            <TestDirectory useLoadContext="true" />
          </AssemblyResolution>
        </UnitTestRunConfig>
        <WebTestRunConfiguration testTypeId="4e7599fa-5ecb-43e9-a887-cd63cf72d207">
          <Browser name="Internet Explorer 7.0">
            <Headers>
              <Header name="User-Agent" value="Mozilla/4.0 (compatible; MSIE 7.0; Windows NT 5.1)" />
              <Header name="Accept" value="*/*" />
              <Header name="Accept-Language" value="{{$IEAcceptLanguage}}" />
              <Header name="Accept-Encoding" value="GZIP" />
            </Headers>
          </Browser>
        </WebTestRunConfiguration>
      </TestTypeSpecific>
      <AgentRule name="LocalMachineDefaultRole">
        <DataCollectors>
          <DataCollector uri="datacollector://microsoft/CodeCoverage/1.0" assemblyQualifiedName="Microsoft.VisualStudio.TestTools.CodeCoverage.CoveragePlugIn, Microsoft.VisualStudio.QualityTools.Plugins.CodeCoverage, Version=10.0.0.0, Culture=neutral, PublicKeyToken=b03f5f7f11d50a3a" friendlyName="代码覆盖率" enabled="false">
            <Configuration>
              <CodeCoverage xmlns="">
                <Regular>
                  <CodeCoverageItem binaryFile="Qiniu\bin\Debug\Qiniu.dll" pdbFile="Qiniu\bin\Debug\Qiniu.pdb" instrumentInPlace="true" />
                </Regular>
              </CodeCoverage>
            </Configuration>
          </DataCollector>
        </DataCollectors>
      </AgentRule>
    </Execution>
  </TestSettings>
  <Times creation="2013-07-17T17:46:49.8625573+08:00" queuing="2013-07-17T17:46:59.3477619+08:00" start="2013-07-17T17:46:59.6798038+08:00" finish="2013-07-17T17:47:19.7533562+08:00" />
  <ResultSummary outcome="Error">
    <Counters total="1" executed="1" error="0" failed="0" timeout="0" aborted="1" inconclusive="0" passedButRunAborted="0" notRunnable="0" notExecuted="0" disconnected="0" warning="0" passed="0" completed="0" inProgress="0" pending="0" />
    <RunInfos>
      <RunInfo computerName="X60" outcome="Error" timestamp="2013-07-17T17:47:19.7523547+08:00">
        <Text>测试宿主进程意外退出。</Text>
      </RunInfo>
    </RunInfos>
  </ResultSummary>
  <TestDefinitions>
    <UnitTest name="PutFileTest" storage="e:\workspace\csharp-sdk\qiniusdktest\bin\release\qiniusdktest.dll" id="f4e8655e-8922-dd7c-46c2-fcae0c10a13c">
      <Execution id="5217d5e4-c671-477f-8194-e3b7ad1c9e52" />
      <TestMethod codeBase="E:/workspace/csharp-sdk/QiniuSDKTest/bin/Release/QiniuSDKTest.DLL" adapterTypeName="Microsoft.VisualStudio.TestTools.TestTypes.Unit.UnitTestAdapter, Microsoft.VisualStudio.QualityTools.Tips.UnitTest.Adapter, Version=10.0.0.0, Culture=neutral, PublicKeyToken=b03f5f7f11d50a3a" className="QiniuSDKTest.IOClientTest, QiniuSDKTest, Version=1.0.0.0, Culture=neutral, PublicKeyToken=null" name="PutFileTest" />
    </UnitTest>
  </TestDefinitions>
  <TestLists>
    <TestList name="列表中未列出的结果" id="8c84fa94-04c1-424b-9868-57a2d4851a1d" />
    <TestList name="所有已加载的结果" id="19431567-8539-422a-85d7-44ee4e166bda" />
  </TestLists>
  <TestEntries>
    <TestEntry testId="f4e8655e-8922-dd7c-46c2-fcae0c10a13c" executionId="5217d5e4-c671-477f-8194-e3b7ad1c9e52" testListId="8c84fa94-04c1-424b-9868-57a2d4851a1d" />
  </TestEntries>
  <Results>
    <UnitTestResult executionId="5217d5e4-c671-477f-8194-e3b7ad1c9e52" testId="f4e8655e-8922-dd7c-46c2-fcae0c10a13c" testName="PutFileTest" computerName="X60" duration="00:00:19.7985163" startTime="2013-07-17T17:46:59.9548399+08:00" endTime="2013-07-17T17:47:19.7533562+08:00" testType="13cdc9d9-ddb5-4fa4-a97d-d965ccfc6d4b" outcome="Aborted" testListId="8c84fa94-04c1-424b-9868-57a2d4851a1d" relativeResultsDirectory="5217d5e4-c671-477f-8194-e3b7ad1c9e52">
    </UnitTestResult>
  </Results>
</TestRun>